<?xml version="1.0" encoding="UTF-8"?>
<testsuites>
  <testsuite name="C:\Users\Alpha Palconit\Desktop\SCHOOL LOGS\Project\RIKMS-copy\phpunit.xml" tests="56" assertions="380" errors="0" failures="0" skipped="0" time="23.704793">
    <testsuite name="Feature" tests="56" assertions="380" errors="0" failures="0" skipped="0" time="23.704793">
      <testsuite name="Tests\Feature\AiAndTestCohortTest" file="C:\Users\Alpha Palconit\Desktop\SCHOOL LOGS\Project\RIKMS-copy\tests\Feature\AiAndTestCohortTest.php" tests="4" assertions="21" errors="0" failures="0" skipped="0" time="7.450663">
        <testcase name="test_ai_enabled_upload_stays_draft_and_queues_review_gated_analysis" file="C:\Users\Alpha Palconit\Desktop\SCHOOL LOGS\Project\RIKMS-copy\tests\Feature\AiAndTestCohortTest.php" line="21" class="Tests\Feature\AiAndTestCohortTest" classname="Tests.Feature.AiAndTestCohortTest" assertions="5" time="6.745014"/>
        <testcase name="test_completed_suggestions_require_explicit_human_acceptance" file="C:\Users\Alpha Palconit\Desktop\SCHOOL LOGS\Project\RIKMS-copy\tests\Feature\AiAndTestCohortTest.php" line="50" class="Tests\Feature\AiAndTestCohortTest" classname="Tests.Feature.AiAndTestCohortTest" assertions="6" time="0.108819"/>
        <testcase name="test_demo_purge_does_not_match_user_created_papers" file="C:\Users\Alpha Palconit\Desktop\SCHOOL LOGS\Project\RIKMS-copy\tests\Feature\AiAndTestCohortTest.php" line="104" class="Tests\Feature\AiAndTestCohortTest" classname="Tests.Feature.AiAndTestCohortTest" assertions="4" time="0.079592"/>
        <testcase name="test_private_manifest_provisions_leader_and_dynamic_forced_rotation_accounts" file="C:\Users\Alpha Palconit\Desktop\SCHOOL LOGS\Project\RIKMS-copy\tests\Feature\AiAndTestCohortTest.php" line="126" class="Tests\Feature\AiAndTestCohortTest" classname="Tests.Feature.AiAndTestCohortTest" assertions="6" time="0.517238"/>
      </testsuite>
      <testsuite name="Tests\Feature\BackendDomainIntegrityTest" file="C:\Users\Alpha Palconit\Desktop\SCHOOL LOGS\Project\RIKMS-copy\tests\Feature\BackendDomainIntegrityTest.php" tests="10" assertions="60" errors="0" failures="0" skipped="0" time="2.593519">
        <testcase name="test_seeded_pending_queue_is_reviewable_and_seeded_requests_are_eligible" file="C:\Users\Alpha Palconit\Desktop\SCHOOL LOGS\Project\RIKMS-copy\tests\Feature\BackendDomainIntegrityTest.php" line="23" class="Tests\Feature\BackendDomainIntegrityTest" classname="Tests.Feature.BackendDomainIntegrityTest" assertions="10" time="1.335787"/>
        <testcase name="test_public_browse_switch_blocks_all_public_document_surfaces_and_zeros_counts" file="C:\Users\Alpha Palconit\Desktop\SCHOOL LOGS\Project\RIKMS-copy\tests\Feature\BackendDomainIntegrityTest.php" line="40" class="Tests\Feature\BackendDomainIntegrityTest" classname="Tests.Feature.BackendDomainIntegrityTest" assertions="8" time="0.247357"/>
        <testcase name="test_submission_recomputes_completion_and_ignores_blank_report_sections" file="C:\Users\Alpha Palconit\Desktop\SCHOOL LOGS\Project\RIKMS-copy\tests\Feature\BackendDomainIntegrityTest.php" line="60" class="Tests\Feature\BackendDomainIntegrityTest" classname="Tests.Feature.BackendDomainIntegrityTest" assertions="4" time="0.146945"/>
        <testcase name="test_report_submission_requires_every_report_domain_section" file="C:\Users\Alpha Palconit\Desktop\SCHOOL LOGS\Project\RIKMS-copy\tests\Feature\BackendDomainIntegrityTest.php" line="82" class="Tests\Feature\BackendDomainIntegrityTest" classname="Tests.Feature.BackendDomainIntegrityTest" assertions="8" time="0.122566"/>
        <testcase name="test_partial_nested_patch_preserves_omitted_metadata_and_financial_values" file="C:\Users\Alpha Palconit\Desktop\SCHOOL LOGS\Project\RIKMS-copy\tests\Feature\BackendDomainIntegrityTest.php" line="100" class="Tests\Feature\BackendDomainIntegrityTest" classname="Tests.Feature.BackendDomainIntegrityTest" assertions="11" time="0.085976"/>
        <testcase name="test_user_moved_to_another_agency_cannot_retain_uploader_access" file="C:\Users\Alpha Palconit\Desktop\SCHOOL LOGS\Project\RIKMS-copy\tests\Feature\BackendDomainIntegrityTest.php" line="129" class="Tests\Feature\BackendDomainIntegrityTest" classname="Tests.Feature.BackendDomainIntegrityTest" assertions="1" time="0.072811"/>
        <testcase name="test_expired_embargo_rejects_access_requests" file="C:\Users\Alpha Palconit\Desktop\SCHOOL LOGS\Project\RIKMS-copy\tests\Feature\BackendDomainIntegrityTest.php" line="139" class="Tests\Feature\BackendDomainIntegrityTest" classname="Tests.Feature.BackendDomainIntegrityTest" assertions="1" time="0.059416"/>
        <testcase name="test_inactive_agency_keeps_public_provenance_but_cannot_bypass_download_policy" file="C:\Users\Alpha Palconit\Desktop\SCHOOL LOGS\Project\RIKMS-copy\tests\Feature\BackendDomainIntegrityTest.php" line="155" class="Tests\Feature\BackendDomainIntegrityTest" classname="Tests.Feature.BackendDomainIntegrityTest" assertions="4" time="0.115460"/>
        <testcase name="test_agency_profile_partial_update_preserves_omitted_contact_fields" file="C:\Users\Alpha Palconit\Desktop\SCHOOL LOGS\Project\RIKMS-copy\tests\Feature\BackendDomainIntegrityTest.php" line="172" class="Tests\Feature\BackendDomainIntegrityTest" classname="Tests.Feature.BackendDomainIntegrityTest" assertions="3" time="0.099756"/>
        <testcase name="test_temporary_password_is_forced_to_rotate_before_protected_access" file="C:\Users\Alpha Palconit\Desktop\SCHOOL LOGS\Project\RIKMS-copy\tests\Feature\BackendDomainIntegrityTest.php" line="183" class="Tests\Feature\BackendDomainIntegrityTest" classname="Tests.Feature.BackendDomainIntegrityTest" assertions="10" time="0.307444"/>
      </testsuite>
      <testsuite name="Tests\Feature\BackendSecurityWorkflowTest" file="C:\Users\Alpha Palconit\Desktop\SCHOOL LOGS\Project\RIKMS-copy\tests\Feature\BackendSecurityWorkflowTest.php" tests="12" assertions="65" errors="0" failures="0" skipped="0" time="2.182290">
        <testcase name="test_public_bootstrap_contains_only_published_sanitized_data" file="C:\Users\Alpha Palconit\Desktop\SCHOOL LOGS\Project\RIKMS-copy\tests\Feature\BackendSecurityWorkflowTest.php" line="28" class="Tests\Feature\BackendSecurityWorkflowTest" classname="Tests.Feature.BackendSecurityWorkflowTest" assertions="5" time="0.065855"/>
        <testcase name="test_public_search_does_not_infer_private_metadata_fields" file="C:\Users\Alpha Palconit\Desktop\SCHOOL LOGS\Project\RIKMS-copy\tests\Feature\BackendSecurityWorkflowTest.php" line="40" class="Tests\Feature\BackendSecurityWorkflowTest" classname="Tests.Feature.BackendSecurityWorkflowTest" assertions="4" time="0.108988"/>
        <testcase name="test_role_boundaries_and_agency_isolation_are_enforced" file="C:\Users\Alpha Palconit\Desktop\SCHOOL LOGS\Project\RIKMS-copy\tests\Feature\BackendSecurityWorkflowTest.php" line="53" class="Tests\Feature\BackendSecurityWorkflowTest" classname="Tests.Feature.BackendSecurityWorkflowTest" assertions="3" time="1.035272"/>
        <testcase name="test_submit_without_file_rolls_back_and_status_cannot_be_forged" file="C:\Users\Alpha Palconit\Desktop\SCHOOL LOGS\Project\RIKMS-copy\tests\Feature\BackendSecurityWorkflowTest.php" line="66" class="Tests\Feature\BackendSecurityWorkflowTest" classname="Tests.Feature.BackendSecurityWorkflowTest" assertions="8" time="0.173574"/>
        <testcase name="test_only_super_admin_can_moderate_pending_documents" file="C:\Users\Alpha Palconit\Desktop\SCHOOL LOGS\Project\RIKMS-copy\tests\Feature\BackendSecurityWorkflowTest.php" line="84" class="Tests\Feature\BackendSecurityWorkflowTest" classname="Tests.Feature.BackendSecurityWorkflowTest" assertions="6" time="0.072919"/>
        <testcase name="test_access_approval_creates_limited_signed_download_grant_and_dedupes" file="C:\Users\Alpha Palconit\Desktop\SCHOOL LOGS\Project\RIKMS-copy\tests\Feature\BackendSecurityWorkflowTest.php" line="104" class="Tests\Feature\BackendSecurityWorkflowTest" classname="Tests.Feature.BackendSecurityWorkflowTest" assertions="9" time="0.340980"/>
        <testcase name="test_version_restore_rejects_version_from_another_document" file="C:\Users\Alpha Palconit\Desktop\SCHOOL LOGS\Project\RIKMS-copy\tests\Feature\BackendSecurityWorkflowTest.php" line="137" class="Tests\Feature\BackendSecurityWorkflowTest" classname="Tests.Feature.BackendSecurityWorkflowTest" assertions="2" time="0.054934"/>
        <testcase name="test_rbac_permission_changes_are_persisted_and_enforced" file="C:\Users\Alpha Palconit\Desktop\SCHOOL LOGS\Project\RIKMS-copy\tests\Feature\BackendSecurityWorkflowTest.php" line="149" class="Tests\Feature\BackendSecurityWorkflowTest" classname="Tests.Feature.BackendSecurityWorkflowTest" assertions="1" time="0.035981"/>
        <testcase name="test_dashboard_omits_access_request_pii_without_manage_permission" file="C:\Users\Alpha Palconit\Desktop\SCHOOL LOGS\Project\RIKMS-copy\tests\Feature\BackendSecurityWorkflowTest.php" line="160" class="Tests\Feature\BackendSecurityWorkflowTest" classname="Tests.Feature.BackendSecurityWorkflowTest" assertions="3" time="0.063810"/>
        <testcase name="test_version_restore_rejects_pending_and_archived_records" file="C:\Users\Alpha Palconit\Desktop\SCHOOL LOGS\Project\RIKMS-copy\tests\Feature\BackendSecurityWorkflowTest.php" line="173" class="Tests\Feature\BackendSecurityWorkflowTest" classname="Tests.Feature.BackendSecurityWorkflowTest" assertions="11" time="0.086095"/>
        <testcase name="test_allowed_version_restore_normalizes_review_and_archive_state" file="C:\Users\Alpha Palconit\Desktop\SCHOOL LOGS\Project\RIKMS-copy\tests\Feature\BackendSecurityWorkflowTest.php" line="198" class="Tests\Feature\BackendSecurityWorkflowTest" classname="Tests.Feature.BackendSecurityWorkflowTest" assertions="9" time="0.100707"/>
        <testcase name="test_document_update_revalidates_locked_database_status" file="C:\Users\Alpha Palconit\Desktop\SCHOOL LOGS\Project\RIKMS-copy\tests\Feature\BackendSecurityWorkflowTest.php" line="220" class="Tests\Feature\BackendSecurityWorkflowTest" classname="Tests.Feature.BackendSecurityWorkflowTest" assertions="4" time="0.043174"/>
      </testsuite>
      <testsuite name="Tests\Feature\BrokenAccessControlTest" file="C:\Users\Alpha Palconit\Desktop\SCHOOL LOGS\Project\RIKMS-copy\tests\Feature\BrokenAccessControlTest.php" tests="2" assertions="3" errors="0" failures="0" skipped="0" time="0.128833">
        <testcase name="test_cross_agency_document_isolation_enforced" file="C:\Users\Alpha Palconit\Desktop\SCHOOL LOGS\Project\RIKMS-copy\tests\Feature\BrokenAccessControlTest.php" line="20" class="Tests\Feature\BrokenAccessControlTest" classname="Tests.Feature.BrokenAccessControlTest" assertions="1" time="0.046601"/>
        <testcase name="test_cross_agency_document_actions_denied" file="C:\Users\Alpha Palconit\Desktop\SCHOOL LOGS\Project\RIKMS-copy\tests\Feature\BrokenAccessControlTest.php" line="65" class="Tests\Feature\BrokenAccessControlTest" classname="Tests.Feature.BrokenAccessControlTest" assertions="2" time="0.082231"/>
      </testsuite>
      <testsuite name="Tests\Feature\DocumentProcessingTest" file="C:\Users\Alpha Palconit\Desktop\SCHOOL LOGS\Project\RIKMS-copy\tests\Feature\DocumentProcessingTest.php" tests="5" assertions="43" errors="0" failures="0" skipped="0" time="0.708315">
        <testcase name="test_document_processing_pipeline_success" file="C:\Users\Alpha Palconit\Desktop\SCHOOL LOGS\Project\RIKMS-copy\tests\Feature\DocumentProcessingTest.php" line="20" class="Tests\Feature\DocumentProcessingTest" classname="Tests.Feature.DocumentProcessingTest" assertions="10" time="0.333618"/>
        <testcase name="test_document_processing_pipeline_malware_detection" file="C:\Users\Alpha Palconit\Desktop\SCHOOL LOGS\Project\RIKMS-copy\tests\Feature\DocumentProcessingTest.php" line="60" class="Tests\Feature\DocumentProcessingTest" classname="Tests.Feature.DocumentProcessingTest" assertions="5" time="0.067744"/>
        <testcase name="test_spa_endpoints_upload_draft_and_analyze" file="C:\Users\Alpha Palconit\Desktop\SCHOOL LOGS\Project\RIKMS-copy\tests\Feature\DocumentProcessingTest.php" line="100" class="Tests\Feature\DocumentProcessingTest" classname="Tests.Feature.DocumentProcessingTest" assertions="10" time="0.097868"/>
        <testcase name="test_document_approve_reject_and_rerun_ai" file="C:\Users\Alpha Palconit\Desktop\SCHOOL LOGS\Project\RIKMS-copy\tests\Feature\DocumentProcessingTest.php" line="135" class="Tests\Feature\DocumentProcessingTest" classname="Tests.Feature.DocumentProcessingTest" assertions="10" time="0.102808"/>
        <testcase name="test_spa_visibility_filtering" file="C:\Users\Alpha Palconit\Desktop\SCHOOL LOGS\Project\RIKMS-copy\tests\Feature\DocumentProcessingTest.php" line="179" class="Tests\Feature\DocumentProcessingTest" classname="Tests.Feature.DocumentProcessingTest" assertions="8" time="0.106277"/>
      </testsuite>
      <testsuite name="Tests\Feature\ExampleTest" file="C:\Users\Alpha Palconit\Desktop\SCHOOL LOGS\Project\RIKMS-copy\tests\Feature\ExampleTest.php" tests="3" assertions="19" errors="0" failures="0" skipped="0" time="7.372367">
        <testcase name="test_guest_can_view_public_homepage" file="C:\Users\Alpha Palconit\Desktop\SCHOOL LOGS\Project\RIKMS-copy\tests\Feature\ExampleTest.php" line="18" class="Tests\Feature\ExampleTest" classname="Tests.Feature.ExampleTest" assertions="2" time="0.040752"/>
        <testcase name="test_agency_admin_can_view_new_spa_routes" file="C:\Users\Alpha Palconit\Desktop\SCHOOL LOGS\Project\RIKMS-copy\tests\Feature\ExampleTest.php" line="25" class="Tests\Feature\ExampleTest" classname="Tests.Feature.ExampleTest" assertions="12" time="0.190317"/>
        <testcase name="test_agency_admin_can_create_document_from_figma_upload_endpoint" file="C:\Users\Alpha Palconit\Desktop\SCHOOL LOGS\Project\RIKMS-copy\tests\Feature\ExampleTest.php" line="60" class="Tests\Feature\ExampleTest" classname="Tests.Feature.ExampleTest" assertions="5" time="7.141298"/>
      </testsuite>
      <testsuite name="Tests\Feature\ReleaseReadinessTest" file="C:\Users\Alpha Palconit\Desktop\SCHOOL LOGS\Project\RIKMS-copy\tests\Feature\ReleaseReadinessTest.php" tests="18" assertions="165" errors="0" failures="0" skipped="0" time="3.208852">
        <testcase name="test_blank_documents_root_falls_back_to_private_storage" file="C:\Users\Alpha Palconit\Desktop\SCHOOL LOGS\Project\RIKMS-copy\tests\Feature\ReleaseReadinessTest.php" line="27" class="Tests\Feature\ReleaseReadinessTest" classname="Tests.Feature.ReleaseReadinessTest" assertions="1" time="0.033597"/>
        <testcase name="test_public_endpoints_do_not_expose_unpublished_records_or_private_metadata" file="C:\Users\Alpha Palconit\Desktop\SCHOOL LOGS\Project\RIKMS-copy\tests\Feature\ReleaseReadinessTest.php" line="32" class="Tests\Feature\ReleaseReadinessTest" classname="Tests.Feature.ReleaseReadinessTest" assertions="10" time="0.055654"/>
        <testcase name="test_public_search_cannot_infer_a_private_metadata_field" file="C:\Users\Alpha Palconit\Desktop\SCHOOL LOGS\Project\RIKMS-copy\tests\Feature\ReleaseReadinessTest.php" line="75" class="Tests\Feature\ReleaseReadinessTest" classname="Tests.Feature.ReleaseReadinessTest" assertions="4" time="0.039622"/>
        <testcase name="test_role_boundaries_and_agency_isolation_are_enforced" file="C:\Users\Alpha Palconit\Desktop\SCHOOL LOGS\Project\RIKMS-copy\tests\Feature\ReleaseReadinessTest.php" line="98" class="Tests\Feature\ReleaseReadinessTest" classname="Tests.Feature.ReleaseReadinessTest" assertions="7" time="0.061664"/>
        <testcase name="test_inactive_accounts_and_agencies_cannot_authenticate_or_use_protected_apis" file="C:\Users\Alpha Palconit\Desktop\SCHOOL LOGS\Project\RIKMS-copy\tests\Feature\ReleaseReadinessTest.php" line="120" class="Tests\Feature\ReleaseReadinessTest" classname="Tests.Feature.ReleaseReadinessTest" assertions="4" time="0.044443"/>
        <testcase name="test_document_submission_is_review_gated_and_requires_a_real_source" file="C:\Users\Alpha Palconit\Desktop\SCHOOL LOGS\Project\RIKMS-copy\tests\Feature\ReleaseReadinessTest.php" line="140" class="Tests\Feature\ReleaseReadinessTest" classname="Tests.Feature.ReleaseReadinessTest" assertions="12" time="0.187301"/>
        <testcase name="test_published_edits_return_to_draft_and_require_review_again" file="C:\Users\Alpha Palconit\Desktop\SCHOOL LOGS\Project\RIKMS-copy\tests\Feature\ReleaseReadinessTest.php" line="195" class="Tests\Feature\ReleaseReadinessTest" classname="Tests.Feature.ReleaseReadinessTest" assertions="5" time="0.070834"/>
        <testcase name="test_access_request_approval_issues_a_limited_signed_download_and_prevents_duplicates" file="C:\Users\Alpha Palconit\Desktop\SCHOOL LOGS\Project\RIKMS-copy\tests\Feature\ReleaseReadinessTest.php" line="218" class="Tests\Feature\ReleaseReadinessTest" classname="Tests.Feature.ReleaseReadinessTest" assertions="15" time="0.081397"/>
        <testcase name="test_changing_access_mode_and_archiving_revoke_existing_download_grants" file="C:\Users\Alpha Palconit\Desktop\SCHOOL LOGS\Project\RIKMS-copy\tests\Feature\ReleaseReadinessTest.php" line="282" class="Tests\Feature\ReleaseReadinessTest" classname="Tests.Feature.ReleaseReadinessTest" assertions="5" time="0.070644"/>
        <testcase name="test_every_download_policy_is_enforced_by_the_server" file="C:\Users\Alpha Palconit\Desktop\SCHOOL LOGS\Project\RIKMS-copy\tests\Feature\ReleaseReadinessTest.php" line="321" class="Tests\Feature\ReleaseReadinessTest" classname="Tests.Feature.ReleaseReadinessTest" assertions="11" time="0.090647"/>
        <testcase name="test_a_version_from_another_document_cannot_be_restored" file="C:\Users\Alpha Palconit\Desktop\SCHOOL LOGS\Project\RIKMS-copy\tests\Feature\ReleaseReadinessTest.php" line="374" class="Tests\Feature\ReleaseReadinessTest" classname="Tests.Feature.ReleaseReadinessTest" assertions="2" time="0.047626"/>
        <testcase name="test_password_recovery_is_non_enumerating_and_requires_a_strong_password" file="C:\Users\Alpha Palconit\Desktop\SCHOOL LOGS\Project\RIKMS-copy\tests\Feature\ReleaseReadinessTest.php" line="394" class="Tests\Feature\ReleaseReadinessTest" classname="Tests.Feature.ReleaseReadinessTest" assertions="6" time="0.413664"/>
        <testcase name="test_unknown_account_login_is_non_enumerating_and_audited" file="C:\Users\Alpha Palconit\Desktop\SCHOOL LOGS\Project\RIKMS-copy\tests\Feature\ReleaseReadinessTest.php" line="414" class="Tests\Feature\ReleaseReadinessTest" classname="Tests.Feature.ReleaseReadinessTest" assertions="5" time="0.242328"/>
        <testcase name="test_security_headers_are_set_on_html_and_api_responses" file="C:\Users\Alpha Palconit\Desktop\SCHOOL LOGS\Project\RIKMS-copy\tests\Feature\ReleaseReadinessTest.php" line="430" class="Tests\Feature\ReleaseReadinessTest" classname="Tests.Feature.ReleaseReadinessTest" assertions="27" time="0.058556"/>
        <testcase name="test_proxy_ip_cors_and_secure_session_boundaries_are_enforced" file="C:\Users\Alpha Palconit\Desktop\SCHOOL LOGS\Project\RIKMS-copy\tests\Feature\ReleaseReadinessTest.php" line="451" class="Tests\Feature\ReleaseReadinessTest" classname="Tests.Feature.ReleaseReadinessTest" assertions="12" time="0.059070"/>
        <testcase name="test_repository_rejects_office_documents_and_oversized_pdfs" file="C:\Users\Alpha Palconit\Desktop\SCHOOL LOGS\Project\RIKMS-copy\tests\Feature\ReleaseReadinessTest.php" line="495" class="Tests\Feature\ReleaseReadinessTest" classname="Tests.Feature.ReleaseReadinessTest" assertions="6" time="0.053579"/>
        <testcase name="test_production_admin_provisioning_disables_demo_credentials_without_printing_password" file="C:\Users\Alpha Palconit\Desktop\SCHOOL LOGS\Project\RIKMS-copy\tests\Feature\ReleaseReadinessTest.php" line="526" class="Tests\Feature\ReleaseReadinessTest" classname="Tests.Feature.ReleaseReadinessTest" assertions="8" time="0.331642"/>
        <testcase name="test_super_administrator_must_enroll_and_complete_two_factor_authentication" file="C:\Users\Alpha Palconit\Desktop\SCHOOL LOGS\Project\RIKMS-copy\tests\Feature\ReleaseReadinessTest.php" line="561" class="Tests\Feature\ReleaseReadinessTest" classname="Tests.Feature.ReleaseReadinessTest" assertions="25" time="1.266583"/>
      </testsuite>
      <testsuite name="Tests\Feature\SecurityConfigurationTest" file="C:\Users\Alpha Palconit\Desktop\SCHOOL LOGS\Project\RIKMS-copy\tests\Feature\SecurityConfigurationTest.php" tests="2" assertions="4" errors="0" failures="0" skipped="0" time="0.059955">
        <testcase name="test_session_cookie_security_configurations" file="C:\Users\Alpha Palconit\Desktop\SCHOOL LOGS\Project\RIKMS-copy\tests\Feature\SecurityConfigurationTest.php" line="12" class="Tests\Feature\SecurityConfigurationTest" classname="Tests.Feature.SecurityConfigurationTest" assertions="2" time="0.025007"/>
        <testcase name="test_production_environment_sanity_checks" file="C:\Users\Alpha Palconit\Desktop\SCHOOL LOGS\Project\RIKMS-copy\tests\Feature\SecurityConfigurationTest.php" line="33" class="Tests\Feature\SecurityConfigurationTest" classname="Tests.Feature.SecurityConfigurationTest" assertions="2" time="0.034948"/>
      </testsuite>
    </testsuite>
  </testsuite>
</testsuites>
